Getting Val Images...
Running Attacks for DenseNet ...
Loaded DenseNet model
DenseNet(
  (features): Sequential(
    (conv0): Conv2d(3, 96, kernel_size=(7, 7), stride=(2, 2), padding=(3, 3), bias=False)
    (norm0): BatchNorm2d(96, eps=1e-05, momentum=0.1, affine=True, track_running_stats=True)
    (relu0): ReLU(inplace=True)
    (pool0): MaxPool2d(kernel_size=3, stride=2, padding=1, dilation=1, ceil_mode=False)
    (denseblock1): _DenseBlock(
      (denselayer1): _DenseLayer(
        (norm1): BatchNorm2d(96, eps=1e-05, momentum=0.1, affine=True, track_running_stats=True)
        (relu1): ReLU(inplace=True)
        (conv1): Conv2d(96, 192, kernel_size=(1, 1), stride=(1, 1), bias=False)
        (norm2): BatchNorm2d(192, eps=1e-05, momentum=0.1, affine=True, track_running_stats=True)
        (relu2): ReLU(inplace=True)
        (conv2): Conv2d(192, 48, kernel_size=(3, 3), stride=(1, 1), padding=(1, 1), bias=False)
      )
      (denselayer2): _DenseLayer(
        (norm1): BatchNorm2d(144, eps=1e-05, momentum=0.1, affine=True, track_running_stats=True)
        (relu1): ReLU(inplace=True)
        (conv1): Conv2d(144, 192, kernel_size=(1, 1), stride=(1, 1), bias=False)
        (norm2): BatchNorm2d(192, eps=1e-05, momentum=0.1, affine=True, track_running_stats=True)
        (relu2): ReLU(inplace=True)
        (conv2): Conv2d(192, 48, kernel_size=(3, 3), stride=(1, 1), padding=(1, 1), bias=False)
      )
      (denselayer3): _DenseLayer(
        (norm1): BatchNorm2d(192, eps=1e-05, momentum=0.1, affine=True, track_running_stats=True)
        (relu1): ReLU(inplace=True)
        (conv1): Conv2d(192, 192, kernel_size=(1, 1), stride=(1, 1), bias=False)
        (norm2): BatchNorm2d(192, eps=1e-05, momentum=0.1, affine=True, track_running_stats=True)
        (relu2): ReLU(inplace=True)
        (conv2): Conv2d(192, 48, kernel_size=(3, 3), stride=(1, 1), padding=(1, 1), bias=False)
      )
      (denselayer4): _DenseLayer(
        (norm1): BatchNorm2d(240, eps=1e-05, momentum=0.1, affine=True, track_running_stats=True)
        (relu1): ReLU(inplace=True)
        (conv1): Conv2d(240, 192, kernel_size=(1, 1), stride=(1, 1), bias=False)
        (norm2): BatchNorm2d(192, eps=1e-05, momentum=0.1, affine=True, track_running_stats=True)
        (relu2): ReLU(inplace=True)
        (conv2): Conv2d(192, 48, kernel_size=(3, 3), stride=(1, 1), padding=(1, 1), bias=False)
      )
      (denselayer5): _DenseLayer(
        (norm1): BatchNorm2d(288, eps=1e-05, momentum=0.1, affine=True, track_running_stats=True)
        (relu1): ReLU(inplace=True)
        (conv1): Conv2d(288, 192, kernel_size=(1, 1), stride=(1, 1), bias=False)
        (norm2): BatchNorm2d(192, eps=1e-05, momentum=0.1, affine=True, track_running_stats=True)
        (relu2): ReLU(inplace=True)
        (conv2): Conv2d(192, 48, kernel_size=(3, 3), stride=(1, 1), padding=(1, 1), bias=False)
      )
      (denselayer6): _DenseLayer(
        (norm1): BatchNorm2d(336, eps=1e-05, momentum=0.1, affine=True, track_running_stats=True)
        (relu1): ReLU(inplace=True)
        (conv1): Conv2d(336, 192, kernel_size=(1, 1), stride=(1, 1), bias=False)
        (norm2): BatchNorm2d(192, eps=1e-05, momentum=0.1, affine=True, track_running_stats=True)
        (relu2): ReLU(inplace=True)
        (conv2): Conv2d(192, 48, kernel_size=(3, 3), stride=(1, 1), padding=(1, 1), bias=False)
      )
    )
    (transition1): _Transition(
      (norm): BatchNorm2d(384, eps=1e-05, momentum=0.1, affine=True, track_running_stats=True)
      (relu): ReLU(inplace=True)
      (conv): Conv2d(384, 192, kernel_size=(1, 1), stride=(1, 1), bias=False)
      (pool): AvgPool2d(kernel_size=2, stride=2, padding=0)
    )
    (denseblock2): _DenseBlock(
      (denselayer1): _DenseLayer(
        (norm1): BatchNorm2d(192, eps=1e-05, momentum=0.1, affine=True, track_running_stats=True)
        (relu1): ReLU(inplace=True)
        (conv1): Conv2d(192, 192, kernel_size=(1, 1), stride=(1, 1), bias=False)
        (norm2): BatchNorm2d(192, eps=1e-05, momentum=0.1, affine=True, track_running_stats=True)
        (relu2): ReLU(inplace=True)
        (conv2): Conv2d(192, 48, kernel_size=(3, 3), stride=(1, 1), padding=(1, 1), bias=False)
      )
      (denselayer2): _DenseLayer(
        (norm1): BatchNorm2d(240, eps=1e-05, momentum=0.1, affine=True, track_running_stats=True)
        (relu1): ReLU(inplace=True)
        (conv1): Conv2d(240, 192, kernel_size=(1, 1), stride=(1, 1), bias=False)
        (norm2): BatchNorm2d(192, eps=1e-05, momentum=0.1, affine=True, track_running_stats=True)
        (relu2): ReLU(inplace=True)
        (conv2): Conv2d(192, 48, kernel_size=(3, 3), stride=(1, 1), padding=(1, 1), bias=False)
      )
      (denselayer3): _DenseLayer(
        (norm1): BatchNorm2d(288, eps=1e-05, momentum=0.1, affine=True, track_running_stats=True)
        (relu1): ReLU(inplace=True)
        (conv1): Conv2d(288, 192, kernel_size=(1, 1), stride=(1, 1), bias=False)
        (norm2): BatchNorm2d(192, eps=1e-05, momentum=0.1, affine=True, track_running_stats=True)
        (relu2): ReLU(inplace=True)
        (conv2): Conv2d(192, 48, kernel_size=(3, 3), stride=(1, 1), padding=(1, 1), bias=False)
      )
      (denselayer4): _DenseLayer(
        (norm1): BatchNorm2d(336, eps=1e-05, momentum=0.1, affine=True, track_running_stats=True)
        (relu1): ReLU(inplace=True)
        (conv1): Conv2d(336, 192, kernel_size=(1, 1), stride=(1, 1), bias=False)
        (norm2): BatchNorm2d(192, eps=1e-05, momentum=0.1, affine=True, track_running_stats=True)
        (relu2): ReLU(inplace=True)
        (conv2): Conv2d(192, 48, kernel_size=(3, 3), stride=(1, 1), padding=(1, 1), bias=False)
      )
      (denselayer5): _DenseLayer(
        (norm1): BatchNorm2d(384, eps=1e-05, momentum=0.1, affine=True, track_running_stats=True)
        (relu1): ReLU(inplace=True)
        (conv1): Conv2d(384, 192, kernel_size=(1, 1), stride=(1, 1), bias=False)
        (norm2): BatchNorm2d(192, eps=1e-05, momentum=0.1, affine=True, track_running_stats=True)
        (relu2): ReLU(inplace=True)
        (conv2): Conv2d(192, 48, kernel_size=(3, 3), stride=(1, 1), padding=(1, 1), bias=False)
      )
      (denselayer6): _DenseLayer(
        (norm1): BatchNorm2d(432, eps=1e-05, momentum=0.1, affine=True, track_running_stats=True)
        (relu1): ReLU(inplace=True)
        (conv1): Conv2d(432, 192, kernel_size=(1, 1), stride=(1, 1), bias=False)
        (norm2): BatchNorm2d(192, eps=1e-05, momentum=0.1, affine=True, track_running_stats=True)
        (relu2): ReLU(inplace=True)
        (conv2): Conv2d(192, 48, kernel_size=(3, 3), stride=(1, 1), padding=(1, 1), bias=False)
      )
      (denselayer7): _DenseLayer(
        (norm1): BatchNorm2d(480, eps=1e-05, momentum=0.1, affine=True, track_running_stats=True)
        (relu1): ReLU(inplace=True)
        (conv1): Conv2d(480, 192, kernel_size=(1, 1), stride=(1, 1), bias=False)
        (norm2): BatchNorm2d(192, eps=1e-05, momentum=0.1, affine=True, track_running_stats=True)
        (relu2): ReLU(inplace=True)
        (conv2): Conv2d(192, 48, kernel_size=(3, 3), stride=(1, 1), padding=(1, 1), bias=False)
      )
      (denselayer8): _DenseLayer(
        (norm1): BatchNorm2d(528, eps=1e-05, momentum=0.1, affine=True, track_running_stats=True)
        (relu1): ReLU(inplace=True)
        (conv1): Conv2d(528, 192, kernel_size=(1, 1), stride=(1, 1), bias=False)
        (norm2): BatchNorm2d(192, eps=1e-05, momentum=0.1, affine=True, track_running_stats=True)
        (relu2): ReLU(inplace=True)
        (conv2): Conv2d(192, 48, kernel_size=(3, 3), stride=(1, 1), padding=(1, 1), bias=False)
      )
      (denselayer9): _DenseLayer(
        (norm1): BatchNorm2d(576, eps=1e-05, momentum=0.1, affine=True, track_running_stats=True)
        (relu1): ReLU(inplace=True)
        (conv1): Conv2d(576, 192, kernel_size=(1, 1), stride=(1, 1), bias=False)
        (norm2): BatchNorm2d(192, eps=1e-05, momentum=0.1, affine=True, track_running_stats=True)
        (relu2): ReLU(inplace=True)
        (conv2): Conv2d(192, 48, kernel_size=(3, 3), stride=(1, 1), padding=(1, 1), bias=False)
      )
      (denselayer10): _DenseLayer(
        (norm1): BatchNorm2d(624, eps=1e-05, momentum=0.1, affine=True, track_running_stats=True)
        (relu1): ReLU(inplace=True)
        (conv1): Conv2d(624, 192, kernel_size=(1, 1), stride=(1, 1), bias=False)
        (norm2): BatchNorm2d(192, eps=1e-05, momentum=0.1, affine=True, track_running_stats=True)
        (relu2): ReLU(inplace=True)
        (conv2): Conv2d(192, 48, kernel_size=(3, 3), stride=(1, 1), padding=(1, 1), bias=False)
      )
      (denselayer11): _DenseLayer(
        (norm1): BatchNorm2d(672, eps=1e-05, momentum=0.1, affine=True, track_running_stats=True)
        (relu1): ReLU(inplace=True)
        (conv1): Conv2d(672, 192, kernel_size=(1, 1), stride=(1, 1), bias=False)
        (norm2): BatchNorm2d(192, eps=1e-05, momentum=0.1, affine=True, track_running_stats=True)
        (relu2): ReLU(inplace=True)
        (conv2): Conv2d(192, 48, kernel_size=(3, 3), stride=(1, 1), padding=(1, 1), bias=False)
      )
      (denselayer12): _DenseLayer(
        (norm1): BatchNorm2d(720, eps=1e-05, momentum=0.1, affine=True, track_running_stats=True)
        (relu1): ReLU(inplace=True)
        (conv1): Conv2d(720, 192, kernel_size=(1, 1), stride=(1, 1), bias=False)
        (norm2): BatchNorm2d(192, eps=1e-05, momentum=0.1, affine=True, track_running_stats=True)
        (relu2): ReLU(inplace=True)
        (conv2): Conv2d(192, 48, kernel_size=(3, 3), stride=(1, 1), padding=(1, 1), bias=False)
      )
    )
    (transition2): _Transition(
      (norm): BatchNorm2d(768, eps=1e-05, momentum=0.1, affine=True, track_running_stats=True)
      (relu): ReLU(inplace=True)
      (conv): Conv2d(768, 384, kernel_size=(1, 1), stride=(1, 1), bias=False)
      (pool): AvgPool2d(kernel_size=2, stride=2, padding=0)
    )
    (denseblock3): _DenseBlock(
      (denselayer1): _DenseLayer(
        (norm1): BatchNorm2d(384, eps=1e-05, momentum=0.1, affine=True, track_running_stats=True)
        (relu1): ReLU(inplace=True)
        (conv1): Conv2d(384, 192, kernel_size=(1, 1), stride=(1, 1), bias=False)
        (norm2): BatchNorm2d(192, eps=1e-05, momentum=0.1, affine=True, track_running_stats=True)
        (relu2): ReLU(inplace=True)
        (conv2): Conv2d(192, 48, kernel_size=(3, 3), stride=(1, 1), padding=(1, 1), bias=False)
      )
      (denselayer2): _DenseLayer(
        (norm1): BatchNorm2d(432, eps=1e-05, momentum=0.1, affine=True, track_running_stats=True)
        (relu1): ReLU(inplace=True)
        (conv1): Conv2d(432, 192, kernel_size=(1, 1), stride=(1, 1), bias=False)
        (norm2): BatchNorm2d(192, eps=1e-05, momentum=0.1, affine=True, track_running_stats=True)
        (relu2): ReLU(inplace=True)
        (conv2): Conv2d(192, 48, kernel_size=(3, 3), stride=(1, 1), padding=(1, 1), bias=False)
      )
      (denselayer3): _DenseLayer(
        (norm1): BatchNorm2d(480, eps=1e-05, momentum=0.1, affine=True, track_running_stats=True)
        (relu1): ReLU(inplace=True)
        (conv1): Conv2d(480, 192, kernel_size=(1, 1), stride=(1, 1), bias=False)
        (norm2): BatchNorm2d(192, eps=1e-05, momentum=0.1, affine=True, track_running_stats=True)
        (relu2): ReLU(inplace=True)
        (conv2): Conv2d(192, 48, kernel_size=(3, 3), stride=(1, 1), padding=(1, 1), bias=False)
      )
      (denselayer4): _DenseLayer(
        (norm1): BatchNorm2d(528, eps=1e-05, momentum=0.1, affine=True, track_running_stats=True)
        (relu1): ReLU(inplace=True)
        (conv1): Conv2d(528, 192, kernel_size=(1, 1), stride=(1, 1), bias=False)
        (norm2): BatchNorm2d(192, eps=1e-05, momentum=0.1, affine=True, track_running_stats=True)
        (relu2): ReLU(inplace=True)
        (conv2): Conv2d(192, 48, kernel_size=(3, 3), stride=(1, 1), padding=(1, 1), bias=False)
      )
      (denselayer5): _DenseLayer(
        (norm1): BatchNorm2d(576, eps=1e-05, momentum=0.1, affine=True, track_running_stats=True)
        (relu1): ReLU(inplace=True)
        (conv1): Conv2d(576, 192, kernel_size=(1, 1), stride=(1, 1), bias=False)
        (norm2): BatchNorm2d(192, eps=1e-05, momentum=0.1, affine=True, track_running_stats=True)
        (relu2): ReLU(inplace=True)
        (conv2): Conv2d(192, 48, kernel_size=(3, 3), stride=(1, 1), padding=(1, 1), bias=False)
      )
      (denselayer6): _DenseLayer(
        (norm1): BatchNorm2d(624, eps=1e-05, momentum=0.1, affine=True, track_running_stats=True)
        (relu1): ReLU(inplace=True)
        (conv1): Conv2d(624, 192, kernel_size=(1, 1), stride=(1, 1), bias=False)
        (norm2): BatchNorm2d(192, eps=1e-05, momentum=0.1, affine=True, track_running_stats=True)
        (relu2): ReLU(inplace=True)
        (conv2): Conv2d(192, 48, kernel_size=(3, 3), stride=(1, 1), padding=(1, 1), bias=False)
      )
      (denselayer7): _DenseLayer(
        (norm1): BatchNorm2d(672, eps=1e-05, momentum=0.1, affine=True, track_running_stats=True)
        (relu1): ReLU(inplace=True)
        (conv1): Conv2d(672, 192, kernel_size=(1, 1), stride=(1, 1), bias=False)
        (norm2): BatchNorm2d(192, eps=1e-05, momentum=0.1, affine=True, track_running_stats=True)
        (relu2): ReLU(inplace=True)
        (conv2): Conv2d(192, 48, kernel_size=(3, 3), stride=(1, 1), padding=(1, 1), bias=False)
      )
      (denselayer8): _DenseLayer(
        (norm1): BatchNorm2d(720, eps=1e-05, momentum=0.1, affine=True, track_running_stats=True)
        (relu1): ReLU(inplace=True)
        (conv1): Conv2d(720, 192, kernel_size=(1, 1), stride=(1, 1), bias=False)
        (norm2): BatchNorm2d(192, eps=1e-05, momentum=0.1, affine=True, track_running_stats=True)
        (relu2): ReLU(inplace=True)
        (conv2): Conv2d(192, 48, kernel_size=(3, 3), stride=(1, 1), padding=(1, 1), bias=False)
      )
      (denselayer9): _DenseLayer(
        (norm1): BatchNorm2d(768, eps=1e-05, momentum=0.1, affine=True, track_running_stats=True)
        (relu1): ReLU(inplace=True)
        (conv1): Conv2d(768, 192, kernel_size=(1, 1), stride=(1, 1), bias=False)
        (norm2): BatchNorm2d(192, eps=1e-05, momentum=0.1, affine=True, track_running_stats=True)
        (relu2): ReLU(inplace=True)
        (conv2): Conv2d(192, 48, kernel_size=(3, 3), stride=(1, 1), padding=(1, 1), bias=False)
      )
      (denselayer10): _DenseLayer(
        (norm1): BatchNorm2d(816, eps=1e-05, momentum=0.1, affine=True, track_running_stats=True)
        (relu1): ReLU(inplace=True)
        (conv1): Conv2d(816, 192, kernel_size=(1, 1), stride=(1, 1), bias=False)
        (norm2): BatchNorm2d(192, eps=1e-05, momentum=0.1, affine=True, track_running_stats=True)
        (relu2): ReLU(inplace=True)
        (conv2): Conv2d(192, 48, kernel_size=(3, 3), stride=(1, 1), padding=(1, 1), bias=False)
      )
      (denselayer11): _DenseLayer(
        (norm1): BatchNorm2d(864, eps=1e-05, momentum=0.1, affine=True, track_running_stats=True)
        (relu1): ReLU(inplace=True)
        (conv1): Conv2d(864, 192, kernel_size=(1, 1), stride=(1, 1), bias=False)
        (norm2): BatchNorm2d(192, eps=1e-05, momentum=0.1, affine=True, track_running_stats=True)
        (relu2): ReLU(inplace=True)
        (conv2): Conv2d(192, 48, kernel_size=(3, 3), stride=(1, 1), padding=(1, 1), bias=False)
      )
      (denselayer12): _DenseLayer(
        (norm1): BatchNorm2d(912, eps=1e-05, momentum=0.1, affine=True, track_running_stats=True)
        (relu1): ReLU(inplace=True)
        (conv1): Conv2d(912, 192, kernel_size=(1, 1), stride=(1, 1), bias=False)
        (norm2): BatchNorm2d(192, eps=1e-05, momentum=0.1, affine=True, track_running_stats=True)
        (relu2): ReLU(inplace=True)
        (conv2): Conv2d(192, 48, kernel_size=(3, 3), stride=(1, 1), padding=(1, 1), bias=False)
      )
      (denselayer13): _DenseLayer(
        (norm1): BatchNorm2d(960, eps=1e-05, momentum=0.1, affine=True, track_running_stats=True)
        (relu1): ReLU(inplace=True)
        (conv1): Conv2d(960, 192, kernel_size=(1, 1), stride=(1, 1), bias=False)
        (norm2): BatchNorm2d(192, eps=1e-05, momentum=0.1, affine=True, track_running_stats=True)
        (relu2): ReLU(inplace=True)
        (conv2): Conv2d(192, 48, kernel_size=(3, 3), stride=(1, 1), padding=(1, 1), bias=False)
      )
      (denselayer14): _DenseLayer(
        (norm1): BatchNorm2d(1008, eps=1e-05, momentum=0.1, affine=True, track_running_stats=True)
        (relu1): ReLU(inplace=True)
        (conv1): Conv2d(1008, 192, kernel_size=(1, 1), stride=(1, 1), bias=False)
        (norm2): BatchNorm2d(192, eps=1e-05, momentum=0.1, affine=True, track_running_stats=True)
        (relu2): ReLU(inplace=True)
        (conv2): Conv2d(192, 48, kernel_size=(3, 3), stride=(1, 1), padding=(1, 1), bias=False)
      )
      (denselayer15): _DenseLayer(
        (norm1): BatchNorm2d(1056, eps=1e-05, momentum=0.1, affine=True, track_running_stats=True)
        (relu1): ReLU(inplace=True)
        (conv1): Conv2d(1056, 192, kernel_size=(1, 1), stride=(1, 1), bias=False)
        (norm2): BatchNorm2d(192, eps=1e-05, momentum=0.1, affine=True, track_running_stats=True)
        (relu2): ReLU(inplace=True)
        (conv2): Conv2d(192, 48, kernel_size=(3, 3), stride=(1, 1), padding=(1, 1), bias=False)
      )
      (denselayer16): _DenseLayer(
        (norm1): BatchNorm2d(1104, eps=1e-05, momentum=0.1, affine=True, track_running_stats=True)
        (relu1): ReLU(inplace=True)
        (conv1): Conv2d(1104, 192, kernel_size=(1, 1), stride=(1, 1), bias=False)
        (norm2): BatchNorm2d(192, eps=1e-05, momentum=0.1, affine=True, track_running_stats=True)
        (relu2): ReLU(inplace=True)
        (conv2): Conv2d(192, 48, kernel_size=(3, 3), stride=(1, 1), padding=(1, 1), bias=False)
      )
      (denselayer17): _DenseLayer(
        (norm1): BatchNorm2d(1152, eps=1e-05, momentum=0.1, affine=True, track_running_stats=True)
        (relu1): ReLU(inplace=True)
        (conv1): Conv2d(1152, 192, kernel_size=(1, 1), stride=(1, 1), bias=False)
        (norm2): BatchNorm2d(192, eps=1e-05, momentum=0.1, affine=True, track_running_stats=True)
        (relu2): ReLU(inplace=True)
        (conv2): Conv2d(192, 48, kernel_size=(3, 3), stride=(1, 1), padding=(1, 1), bias=False)
      )
      (denselayer18): _DenseLayer(
        (norm1): BatchNorm2d(1200, eps=1e-05, momentum=0.1, affine=True, track_running_stats=True)
        (relu1): ReLU(inplace=True)
        (conv1): Conv2d(1200, 192, kernel_size=(1, 1), stride=(1, 1), bias=False)
        (norm2): BatchNorm2d(192, eps=1e-05, momentum=0.1, affine=True, track_running_stats=True)
        (relu2): ReLU(inplace=True)
        (conv2): Conv2d(192, 48, kernel_size=(3, 3), stride=(1, 1), padding=(1, 1), bias=False)
      )
      (denselayer19): _DenseLayer(
        (norm1): BatchNorm2d(1248, eps=1e-05, momentum=0.1, affine=True, track_running_stats=True)
        (relu1): ReLU(inplace=True)
        (conv1): Conv2d(1248, 192, kernel_size=(1, 1), stride=(1, 1), bias=False)
        (norm2): BatchNorm2d(192, eps=1e-05, momentum=0.1, affine=True, track_running_stats=True)
        (relu2): ReLU(inplace=True)
        (conv2): Conv2d(192, 48, kernel_size=(3, 3), stride=(1, 1), padding=(1, 1), bias=False)
      )
      (denselayer20): _DenseLayer(
        (norm1): BatchNorm2d(1296, eps=1e-05, momentum=0.1, affine=True, track_running_stats=True)
        (relu1): ReLU(inplace=True)
        (conv1): Conv2d(1296, 192, kernel_size=(1, 1), stride=(1, 1), bias=False)
        (norm2): BatchNorm2d(192, eps=1e-05, momentum=0.1, affine=True, track_running_stats=True)
        (relu2): ReLU(inplace=True)
        (conv2): Conv2d(192, 48, kernel_size=(3, 3), stride=(1, 1), padding=(1, 1), bias=False)
      )
      (denselayer21): _DenseLayer(
        (norm1): BatchNorm2d(1344, eps=1e-05, momentum=0.1, affine=True, track_running_stats=True)
        (relu1): ReLU(inplace=True)
        (conv1): Conv2d(1344, 192, kernel_size=(1, 1), stride=(1, 1), bias=False)
        (norm2): BatchNorm2d(192, eps=1e-05, momentum=0.1, affine=True, track_running_stats=True)
        (relu2): ReLU(inplace=True)
        (conv2): Conv2d(192, 48, kernel_size=(3, 3), stride=(1, 1), padding=(1, 1), bias=False)
      )
      (denselayer22): _DenseLayer(
        (norm1): BatchNorm2d(1392, eps=1e-05, momentum=0.1, affine=True, track_running_stats=True)
        (relu1): ReLU(inplace=True)
        (conv1): Conv2d(1392, 192, kernel_size=(1, 1), stride=(1, 1), bias=False)
        (norm2): BatchNorm2d(192, eps=1e-05, momentum=0.1, affine=True, track_running_stats=True)
        (relu2): ReLU(inplace=True)
        (conv2): Conv2d(192, 48, kernel_size=(3, 3), stride=(1, 1), padding=(1, 1), bias=False)
      )
      (denselayer23): _DenseLayer(
        (norm1): BatchNorm2d(1440, eps=1e-05, momentum=0.1, affine=True, track_running_stats=True)
        (relu1): ReLU(inplace=True)
        (conv1): Conv2d(1440, 192, kernel_size=(1, 1), stride=(1, 1), bias=False)
        (norm2): BatchNorm2d(192, eps=1e-05, momentum=0.1, affine=True, track_running_stats=True)
        (relu2): ReLU(inplace=True)
        (conv2): Conv2d(192, 48, kernel_size=(3, 3), stride=(1, 1), padding=(1, 1), bias=False)
      )
      (denselayer24): _DenseLayer(
        (norm1): BatchNorm2d(1488, eps=1e-05, momentum=0.1, affine=True, track_running_stats=True)
        (relu1): ReLU(inplace=True)
        (conv1): Conv2d(1488, 192, kernel_size=(1, 1), stride=(1, 1), bias=False)
        (norm2): BatchNorm2d(192, eps=1e-05, momentum=0.1, affine=True, track_running_stats=True)
        (relu2): ReLU(inplace=True)
        (conv2): Conv2d(192, 48, kernel_size=(3, 3), stride=(1, 1), padding=(1, 1), bias=False)
      )
      (denselayer25): _DenseLayer(
        (norm1): BatchNorm2d(1536, eps=1e-05, momentum=0.1, affine=True, track_running_stats=True)
        (relu1): ReLU(inplace=True)
        (conv1): Conv2d(1536, 192, kernel_size=(1, 1), stride=(1, 1), bias=False)
        (norm2): BatchNorm2d(192, eps=1e-05, momentum=0.1, affine=True, track_running_stats=True)
        (relu2): ReLU(inplace=True)
        (conv2): Conv2d(192, 48, kernel_size=(3, 3), stride=(1, 1), padding=(1, 1), bias=False)
      )
      (denselayer26): _DenseLayer(
        (norm1): BatchNorm2d(1584, eps=1e-05, momentum=0.1, affine=True, track_running_stats=True)
        (relu1): ReLU(inplace=True)
        (conv1): Conv2d(1584, 192, kernel_size=(1, 1), stride=(1, 1), bias=False)
        (norm2): BatchNorm2d(192, eps=1e-05, momentum=0.1, affine=True, track_running_stats=True)
        (relu2): ReLU(inplace=True)
        (conv2): Conv2d(192, 48, kernel_size=(3, 3), stride=(1, 1), padding=(1, 1), bias=False)
      )
      (denselayer27): _DenseLayer(
        (norm1): BatchNorm2d(1632, eps=1e-05, momentum=0.1, affine=True, track_running_stats=True)
        (relu1): ReLU(inplace=True)
        (conv1): Conv2d(1632, 192, kernel_size=(1, 1), stride=(1, 1), bias=False)
        (norm2): BatchNorm2d(192, eps=1e-05, momentum=0.1, affine=True, track_running_stats=True)
        (relu2): ReLU(inplace=True)
        (conv2): Conv2d(192, 48, kernel_size=(3, 3), stride=(1, 1), padding=(1, 1), bias=False)
      )
      (denselayer28): _DenseLayer(
        (norm1): BatchNorm2d(1680, eps=1e-05, momentum=0.1, affine=True, track_running_stats=True)
        (relu1): ReLU(inplace=True)
        (conv1): Conv2d(1680, 192, kernel_size=(1, 1), stride=(1, 1), bias=False)
        (norm2): BatchNorm2d(192, eps=1e-05, momentum=0.1, affine=True, track_running_stats=True)
        (relu2): ReLU(inplace=True)
        (conv2): Conv2d(192, 48, kernel_size=(3, 3), stride=(1, 1), padding=(1, 1), bias=False)
      )
      (denselayer29): _DenseLayer(
        (norm1): BatchNorm2d(1728, eps=1e-05, momentum=0.1, affine=True, track_running_stats=True)
        (relu1): ReLU(inplace=True)
        (conv1): Conv2d(1728, 192, kernel_size=(1, 1), stride=(1, 1), bias=False)
        (norm2): BatchNorm2d(192, eps=1e-05, momentum=0.1, affine=True, track_running_stats=True)
        (relu2): ReLU(inplace=True)
        (conv2): Conv2d(192, 48, kernel_size=(3, 3), stride=(1, 1), padding=(1, 1), bias=False)
      )
      (denselayer30): _DenseLayer(
        (norm1): BatchNorm2d(1776, eps=1e-05, momentum=0.1, affine=True, track_running_stats=True)
        (relu1): ReLU(inplace=True)
        (conv1): Conv2d(1776, 192, kernel_size=(1, 1), stride=(1, 1), bias=False)
        (norm2): BatchNorm2d(192, eps=1e-05, momentum=0.1, affine=True, track_running_stats=True)
        (relu2): ReLU(inplace=True)
        (conv2): Conv2d(192, 48, kernel_size=(3, 3), stride=(1, 1), padding=(1, 1), bias=False)
      )
      (denselayer31): _DenseLayer(
        (norm1): BatchNorm2d(1824, eps=1e-05, momentum=0.1, affine=True, track_running_stats=True)
        (relu1): ReLU(inplace=True)
        (conv1): Conv2d(1824, 192, kernel_size=(1, 1), stride=(1, 1), bias=False)
        (norm2): BatchNorm2d(192, eps=1e-05, momentum=0.1, affine=True, track_running_stats=True)
        (relu2): ReLU(inplace=True)
        (conv2): Conv2d(192, 48, kernel_size=(3, 3), stride=(1, 1), padding=(1, 1), bias=False)
      )
      (denselayer32): _DenseLayer(
        (norm1): BatchNorm2d(1872, eps=1e-05, momentum=0.1, affine=True, track_running_stats=True)
        (relu1): ReLU(inplace=True)
        (conv1): Conv2d(1872, 192, kernel_size=(1, 1), stride=(1, 1), bias=False)
        (norm2): BatchNorm2d(192, eps=1e-05, momentum=0.1, affine=True, track_running_stats=True)
        (relu2): ReLU(inplace=True)
        (conv2): Conv2d(192, 48, kernel_size=(3, 3), stride=(1, 1), padding=(1, 1), bias=False)
      )
      (denselayer33): _DenseLayer(
        (norm1): BatchNorm2d(1920, eps=1e-05, momentum=0.1, affine=True, track_running_stats=True)
        (relu1): ReLU(inplace=True)
        (conv1): Conv2d(1920, 192, kernel_size=(1, 1), stride=(1, 1), bias=False)
        (norm2): BatchNorm2d(192, eps=1e-05, momentum=0.1, affine=True, track_running_stats=True)
        (relu2): ReLU(inplace=True)
        (conv2): Conv2d(192, 48, kernel_size=(3, 3), stride=(1, 1), padding=(1, 1), bias=False)
      )
      (denselayer34): _DenseLayer(
        (norm1): BatchNorm2d(1968, eps=1e-05, momentum=0.1, affine=True, track_running_stats=True)
        (relu1): ReLU(inplace=True)
        (conv1): Conv2d(1968, 192, kernel_size=(1, 1), stride=(1, 1), bias=False)
        (norm2): BatchNorm2d(192, eps=1e-05, momentum=0.1, affine=True, track_running_stats=True)
        (relu2): ReLU(inplace=True)
        (conv2): Conv2d(192, 48, kernel_size=(3, 3), stride=(1, 1), padding=(1, 1), bias=False)
      )
      (denselayer35): _DenseLayer(
        (norm1): BatchNorm2d(2016, eps=1e-05, momentum=0.1, affine=True, track_running_stats=True)
        (relu1): ReLU(inplace=True)
        (conv1): Conv2d(2016, 192, kernel_size=(1, 1), stride=(1, 1), bias=False)
        (norm2): BatchNorm2d(192, eps=1e-05, momentum=0.1, affine=True, track_running_stats=True)
        (relu2): ReLU(inplace=True)
        (conv2): Conv2d(192, 48, kernel_size=(3, 3), stride=(1, 1), padding=(1, 1), bias=False)
      )
      (denselayer36): _DenseLayer(
        (norm1): BatchNorm2d(2064, eps=1e-05, momentum=0.1, affine=True, track_running_stats=True)
        (relu1): ReLU(inplace=True)
        (conv1): Conv2d(2064, 192, kernel_size=(1, 1), stride=(1, 1), bias=False)
        (norm2): BatchNorm2d(192, eps=1e-05, momentum=0.1, affine=True, track_running_stats=True)
        (relu2): ReLU(inplace=True)
        (conv2): Conv2d(192, 48, kernel_size=(3, 3), stride=(1, 1), padding=(1, 1), bias=False)
      )
    )
    (transition3): _Transition(
      (norm): BatchNorm2d(2112, eps=1e-05, momentum=0.1, affine=True, track_running_stats=True)
      (relu): ReLU(inplace=True)
      (conv): Conv2d(2112, 1056, kernel_size=(1, 1), stride=(1, 1), bias=False)
      (pool): AvgPool2d(kernel_size=2, stride=2, padding=0)
    )
    (denseblock4): _DenseBlock(
      (denselayer1): _DenseLayer(
        (norm1): BatchNorm2d(1056, eps=1e-05, momentum=0.1, affine=True, track_running_stats=True)
        (relu1): ReLU(inplace=True)
        (conv1): Conv2d(1056, 192, kernel_size=(1, 1), stride=(1, 1), bias=False)
        (norm2): BatchNorm2d(192, eps=1e-05, momentum=0.1, affine=True, track_running_stats=True)
        (relu2): ReLU(inplace=True)
        (conv2): Conv2d(192, 48, kernel_size=(3, 3), stride=(1, 1), padding=(1, 1), bias=False)
      )
      (denselayer2): _DenseLayer(
        (norm1): BatchNorm2d(1104, eps=1e-05, momentum=0.1, affine=True, track_running_stats=True)
        (relu1): ReLU(inplace=True)
        (conv1): Conv2d(1104, 192, kernel_size=(1, 1), stride=(1, 1), bias=False)
        (norm2): BatchNorm2d(192, eps=1e-05, momentum=0.1, affine=True, track_running_stats=True)
        (relu2): ReLU(inplace=True)
        (conv2): Conv2d(192, 48, kernel_size=(3, 3), stride=(1, 1), padding=(1, 1), bias=False)
      )
      (denselayer3): _DenseLayer(
        (norm1): BatchNorm2d(1152, eps=1e-05, momentum=0.1, affine=True, track_running_stats=True)
        (relu1): ReLU(inplace=True)
        (conv1): Conv2d(1152, 192, kernel_size=(1, 1), stride=(1, 1), bias=False)
        (norm2): BatchNorm2d(192, eps=1e-05, momentum=0.1, affine=True, track_running_stats=True)
        (relu2): ReLU(inplace=True)
        (conv2): Conv2d(192, 48, kernel_size=(3, 3), stride=(1, 1), padding=(1, 1), bias=False)
      )
      (denselayer4): _DenseLayer(
        (norm1): BatchNorm2d(1200, eps=1e-05, momentum=0.1, affine=True, track_running_stats=True)
        (relu1): ReLU(inplace=True)
        (conv1): Conv2d(1200, 192, kernel_size=(1, 1), stride=(1, 1), bias=False)
        (norm2): BatchNorm2d(192, eps=1e-05, momentum=0.1, affine=True, track_running_stats=True)
        (relu2): ReLU(inplace=True)
        (conv2): Conv2d(192, 48, kernel_size=(3, 3), stride=(1, 1), padding=(1, 1), bias=False)
      )
      (denselayer5): _DenseLayer(
        (norm1): BatchNorm2d(1248, eps=1e-05, momentum=0.1, affine=True, track_running_stats=True)
        (relu1): ReLU(inplace=True)
        (conv1): Conv2d(1248, 192, kernel_size=(1, 1), stride=(1, 1), bias=False)
        (norm2): BatchNorm2d(192, eps=1e-05, momentum=0.1, affine=True, track_running_stats=True)
        (relu2): ReLU(inplace=True)
        (conv2): Conv2d(192, 48, kernel_size=(3, 3), stride=(1, 1), padding=(1, 1), bias=False)
      )
      (denselayer6): _DenseLayer(
        (norm1): BatchNorm2d(1296, eps=1e-05, momentum=0.1, affine=True, track_running_stats=True)
        (relu1): ReLU(inplace=True)
        (conv1): Conv2d(1296, 192, kernel_size=(1, 1), stride=(1, 1), bias=False)
        (norm2): BatchNorm2d(192, eps=1e-05, momentum=0.1, affine=True, track_running_stats=True)
        (relu2): ReLU(inplace=True)
        (conv2): Conv2d(192, 48, kernel_size=(3, 3), stride=(1, 1), padding=(1, 1), bias=False)
      )
      (denselayer7): _DenseLayer(
        (norm1): BatchNorm2d(1344, eps=1e-05, momentum=0.1, affine=True, track_running_stats=True)
        (relu1): ReLU(inplace=True)
        (conv1): Conv2d(1344, 192, kernel_size=(1, 1), stride=(1, 1), bias=False)
        (norm2): BatchNorm2d(192, eps=1e-05, momentum=0.1, affine=True, track_running_stats=True)
        (relu2): ReLU(inplace=True)
        (conv2): Conv2d(192, 48, kernel_size=(3, 3), stride=(1, 1), padding=(1, 1), bias=False)
      )
      (denselayer8): _DenseLayer(
        (norm1): BatchNorm2d(1392, eps=1e-05, momentum=0.1, affine=True, track_running_stats=True)
        (relu1): ReLU(inplace=True)
        (conv1): Conv2d(1392, 192, kernel_size=(1, 1), stride=(1, 1), bias=False)
        (norm2): BatchNorm2d(192, eps=1e-05, momentum=0.1, affine=True, track_running_stats=True)
        (relu2): ReLU(inplace=True)
        (conv2): Conv2d(192, 48, kernel_size=(3, 3), stride=(1, 1), padding=(1, 1), bias=False)
      )
      (denselayer9): _DenseLayer(
        (norm1): BatchNorm2d(1440, eps=1e-05, momentum=0.1, affine=True, track_running_stats=True)
        (relu1): ReLU(inplace=True)
        (conv1): Conv2d(1440, 192, kernel_size=(1, 1), stride=(1, 1), bias=False)
        (norm2): BatchNorm2d(192, eps=1e-05, momentum=0.1, affine=True, track_running_stats=True)
        (relu2): ReLU(inplace=True)
        (conv2): Conv2d(192, 48, kernel_size=(3, 3), stride=(1, 1), padding=(1, 1), bias=False)
      )
      (denselayer10): _DenseLayer(
        (norm1): BatchNorm2d(1488, eps=1e-05, momentum=0.1, affine=True, track_running_stats=True)
        (relu1): ReLU(inplace=True)
        (conv1): Conv2d(1488, 192, kernel_size=(1, 1), stride=(1, 1), bias=False)
        (norm2): BatchNorm2d(192, eps=1e-05, momentum=0.1, affine=True, track_running_stats=True)
        (relu2): ReLU(inplace=True)
        (conv2): Conv2d(192, 48, kernel_size=(3, 3), stride=(1, 1), padding=(1, 1), bias=False)
      )
      (denselayer11): _DenseLayer(
        (norm1): BatchNorm2d(1536, eps=1e-05, momentum=0.1, affine=True, track_running_stats=True)
        (relu1): ReLU(inplace=True)
        (conv1): Conv2d(1536, 192, kernel_size=(1, 1), stride=(1, 1), bias=False)
        (norm2): BatchNorm2d(192, eps=1e-05, momentum=0.1, affine=True, track_running_stats=True)
        (relu2): ReLU(inplace=True)
        (conv2): Conv2d(192, 48, kernel_size=(3, 3), stride=(1, 1), padding=(1, 1), bias=False)
      )
      (denselayer12): _DenseLayer(
        (norm1): BatchNorm2d(1584, eps=1e-05, momentum=0.1, affine=True, track_running_stats=True)
        (relu1): ReLU(inplace=True)
        (conv1): Conv2d(1584, 192, kernel_size=(1, 1), stride=(1, 1), bias=False)
        (norm2): BatchNorm2d(192, eps=1e-05, momentum=0.1, affine=True, track_running_stats=True)
        (relu2): ReLU(inplace=True)
        (conv2): Conv2d(192, 48, kernel_size=(3, 3), stride=(1, 1), padding=(1, 1), bias=False)
      )
      (denselayer13): _DenseLayer(
        (norm1): BatchNorm2d(1632, eps=1e-05, momentum=0.1, affine=True, track_running_stats=True)
        (relu1): ReLU(inplace=True)
        (conv1): Conv2d(1632, 192, kernel_size=(1, 1), stride=(1, 1), bias=False)
        (norm2): BatchNorm2d(192, eps=1e-05, momentum=0.1, affine=True, track_running_stats=True)
        (relu2): ReLU(inplace=True)
        (conv2): Conv2d(192, 48, kernel_size=(3, 3), stride=(1, 1), padding=(1, 1), bias=False)
      )
      (denselayer14): _DenseLayer(
        (norm1): BatchNorm2d(1680, eps=1e-05, momentum=0.1, affine=True, track_running_stats=True)
        (relu1): ReLU(inplace=True)
        (conv1): Conv2d(1680, 192, kernel_size=(1, 1), stride=(1, 1), bias=False)
        (norm2): BatchNorm2d(192, eps=1e-05, momentum=0.1, affine=True, track_running_stats=True)
        (relu2): ReLU(inplace=True)
        (conv2): Conv2d(192, 48, kernel_size=(3, 3), stride=(1, 1), padding=(1, 1), bias=False)
      )
      (denselayer15): _DenseLayer(
        (norm1): BatchNorm2d(1728, eps=1e-05, momentum=0.1, affine=True, track_running_stats=True)
        (relu1): ReLU(inplace=True)
        (conv1): Conv2d(1728, 192, kernel_size=(1, 1), stride=(1, 1), bias=False)
        (norm2): BatchNorm2d(192, eps=1e-05, momentum=0.1, affine=True, track_running_stats=True)
        (relu2): ReLU(inplace=True)
        (conv2): Conv2d(192, 48, kernel_size=(3, 3), stride=(1, 1), padding=(1, 1), bias=False)
      )
      (denselayer16): _DenseLayer(
        (norm1): BatchNorm2d(1776, eps=1e-05, momentum=0.1, affine=True, track_running_stats=True)
        (relu1): ReLU(inplace=True)
        (conv1): Conv2d(1776, 192, kernel_size=(1, 1), stride=(1, 1), bias=False)
        (norm2): BatchNorm2d(192, eps=1e-05, momentum=0.1, affine=True, track_running_stats=True)
        (relu2): ReLU(inplace=True)
        (conv2): Conv2d(192, 48, kernel_size=(3, 3), stride=(1, 1), padding=(1, 1), bias=False)
      )
      (denselayer17): _DenseLayer(
        (norm1): BatchNorm2d(1824, eps=1e-05, momentum=0.1, affine=True, track_running_stats=True)
        (relu1): ReLU(inplace=True)
        (conv1): Conv2d(1824, 192, kernel_size=(1, 1), stride=(1, 1), bias=False)
        (norm2): BatchNorm2d(192, eps=1e-05, momentum=0.1, affine=True, track_running_stats=True)
        (relu2): ReLU(inplace=True)
        (conv2): Conv2d(192, 48, kernel_size=(3, 3), stride=(1, 1), padding=(1, 1), bias=False)
      )
      (denselayer18): _DenseLayer(
        (norm1): BatchNorm2d(1872, eps=1e-05, momentum=0.1, affine=True, track_running_stats=True)
        (relu1): ReLU(inplace=True)
        (conv1): Conv2d(1872, 192, kernel_size=(1, 1), stride=(1, 1), bias=False)
        (norm2): BatchNorm2d(192, eps=1e-05, momentum=0.1, affine=True, track_running_stats=True)
        (relu2): ReLU(inplace=True)
        (conv2): Conv2d(192, 48, kernel_size=(3, 3), stride=(1, 1), padding=(1, 1), bias=False)
      )
      (denselayer19): _DenseLayer(
        (norm1): BatchNorm2d(1920, eps=1e-05, momentum=0.1, affine=True, track_running_stats=True)
        (relu1): ReLU(inplace=True)
        (conv1): Conv2d(1920, 192, kernel_size=(1, 1), stride=(1, 1), bias=False)
        (norm2): BatchNorm2d(192, eps=1e-05, momentum=0.1, affine=True, track_running_stats=True)
        (relu2): ReLU(inplace=True)
        (conv2): Conv2d(192, 48, kernel_size=(3, 3), stride=(1, 1), padding=(1, 1), bias=False)
      )
      (denselayer20): _DenseLayer(
        (norm1): BatchNorm2d(1968, eps=1e-05, momentum=0.1, affine=True, track_running_stats=True)
        (relu1): ReLU(inplace=True)
        (conv1): Conv2d(1968, 192, kernel_size=(1, 1), stride=(1, 1), bias=False)
        (norm2): BatchNorm2d(192, eps=1e-05, momentum=0.1, affine=True, track_running_stats=True)
        (relu2): ReLU(inplace=True)
        (conv2): Conv2d(192, 48, kernel_size=(3, 3), stride=(1, 1), padding=(1, 1), bias=False)
      )
      (denselayer21): _DenseLayer(
        (norm1): BatchNorm2d(2016, eps=1e-05, momentum=0.1, affine=True, track_running_stats=True)
        (relu1): ReLU(inplace=True)
        (conv1): Conv2d(2016, 192, kernel_size=(1, 1), stride=(1, 1), bias=False)
        (norm2): BatchNorm2d(192, eps=1e-05, momentum=0.1, affine=True, track_running_stats=True)
        (relu2): ReLU(inplace=True)
        (conv2): Conv2d(192, 48, kernel_size=(3, 3), stride=(1, 1), padding=(1, 1), bias=False)
      )
      (denselayer22): _DenseLayer(
        (norm1): BatchNorm2d(2064, eps=1e-05, momentum=0.1, affine=True, track_running_stats=True)
        (relu1): ReLU(inplace=True)
        (conv1): Conv2d(2064, 192, kernel_size=(1, 1), stride=(1, 1), bias=False)
        (norm2): BatchNorm2d(192, eps=1e-05, momentum=0.1, affine=True, track_running_stats=True)
        (relu2): ReLU(inplace=True)
        (conv2): Conv2d(192, 48, kernel_size=(3, 3), stride=(1, 1), padding=(1, 1), bias=False)
      )
      (denselayer23): _DenseLayer(
        (norm1): BatchNorm2d(2112, eps=1e-05, momentum=0.1, affine=True, track_running_stats=True)
        (relu1): ReLU(inplace=True)
        (conv1): Conv2d(2112, 192, kernel_size=(1, 1), stride=(1, 1), bias=False)
        (norm2): BatchNorm2d(192, eps=1e-05, momentum=0.1, affine=True, track_running_stats=True)
        (relu2): ReLU(inplace=True)
        (conv2): Conv2d(192, 48, kernel_size=(3, 3), stride=(1, 1), padding=(1, 1), bias=False)
      )
      (denselayer24): _DenseLayer(
        (norm1): BatchNorm2d(2160, eps=1e-05, momentum=0.1, affine=True, track_running_stats=True)
        (relu1): ReLU(inplace=True)
        (conv1): Conv2d(2160, 192, kernel_size=(1, 1), stride=(1, 1), bias=False)
        (norm2): BatchNorm2d(192, eps=1e-05, momentum=0.1, affine=True, track_running_stats=True)
        (relu2): ReLU(inplace=True)
        (conv2): Conv2d(192, 48, kernel_size=(3, 3), stride=(1, 1), padding=(1, 1), bias=False)
      )
    )
    (norm5): BatchNorm2d(2208, eps=1e-05, momentum=0.1, affine=True, track_running_stats=True)
  )
  (classifier): Linear(in_features=2208, out_features=1000, bias=True)
)
Generating attacks for class: Pomeranian (0/100)
Running attack for epsilon: 0 ...
Running attack for epsilon: 0.0005 ...
Running attack for epsilon: 0.005 ...
Generating attacks for class: minibus (1/100)
Running attack for epsilon: 0 ...
Running attack for epsilon: 0.0005 ...
Running attack for epsilon: 0.005 ...
Generating attacks for class: lolly (2/100)
Running attack for epsilon: 0 ...
Running attack for epsilon: 0.0005 ...
Running attack for epsilon: 0.005 ...
Generating attacks for class: pole (3/100)
Running attack for epsilon: 0 ...
Running attack for epsilon: 0.0005 ...
Running attack for epsilon: 0.005 ...
Generating attacks for class: lionfish (4/100)
Running attack for epsilon: 0 ...
Running attack for epsilon: 0.0005 ...
Running attack for epsilon: 0.005 ...
Generating attacks for class: beetle (5/100)
Running attack for epsilon: 0 ...
Running attack for epsilon: 0.0005 ...
Running attack for epsilon: 0.005 ...
Generating attacks for class: safe (6/100)
Running attack for epsilon: 0 ...
Running attack for epsilon: 0.0005 ...
Running attack for epsilon: 0.005 ...
Generating attacks for class: husky (7/100)
Running attack for epsilon: 0 ...
Running attack for epsilon: 0.0005 ...
Running attack for epsilon: 0.005 ...
Generating attacks for class: baseball (8/100)
Running attack for epsilon: 0 ...
Running attack for epsilon: 0.0005 ...
Running attack for epsilon: 0.005 ...
Generating attacks for class: dome (9/100)
Running attack for epsilon: 0 ...
Running attack for epsilon: 0.0005 ...
Running attack for epsilon: 0.005 ...
Generating attacks for class: daisy (10/100)
Running attack for epsilon: 0 ...
Running attack for epsilon: 0.0005 ...
Running attack for epsilon: 0.005 ...
Generating attacks for class: abacus (11/100)
Running attack for epsilon: 0 ...
Running attack for epsilon: 0.0005 ...
Running attack for epsilon: 0.005 ...
Generating attacks for class: crab (12/100)
Running attack for epsilon: 0 ...
Running attack for epsilon: 0.0005 ...
Running attack for epsilon: 0.005 ...
Generating attacks for class: chickadee (13/100)
Running attack for epsilon: 0 ...
Running attack for epsilon: 0.0005 ...
Running attack for epsilon: 0.005 ...
Generating attacks for class: rack (14/100)
Running attack for epsilon: 0 ...
Running attack for epsilon: 0.0005 ...
Running attack for epsilon: 0.005 ...
Generating attacks for class: book (15/100)
Running attack for epsilon: 0 ...
Running attack for epsilon: 0.0005 ...
Running attack for epsilon: 0.005 ...
Generating attacks for class: drill (16/100)
Running attack for epsilon: 0 ...
Running attack for epsilon: 0.0005 ...
Running attack for epsilon: 0.005 ...
Generating attacks for class: bulldog (17/100)
Running attack for epsilon: 0 ...
Running attack for epsilon: 0.0005 ...
Running attack for epsilon: 0.005 ...
Generating attacks for class: gasmask (18/100)
Running attack for epsilon: 0 ...
Running attack for epsilon: 0.0005 ...
Running attack for epsilon: 0.005 ...
Generating attacks for class: jaguar (19/100)
Running attack for epsilon: 0 ...
Running attack for epsilon: 0.0005 ...
Running attack for epsilon: 0.005 ...
Generating attacks for class: snake (20/100)
Running attack for epsilon: 0 ...
Running attack for epsilon: 0.0005 ...
Running attack for epsilon: 0.005 ...
Generating attacks for class: brass (21/100)
Running attack for epsilon: 0 ...
Running attack for epsilon: 0.0005 ...
Running attack for epsilon: 0.005 ...
Generating attacks for class: pig (22/100)
Running attack for epsilon: 0 ...
Running attack for epsilon: 0.0005 ...
Running attack for epsilon: 0.005 ...
Generating attacks for class: terrier (23/100)
Running attack for epsilon: 0 ...
Running attack for epsilon: 0.0005 ...
Running attack for epsilon: 0.005 ...
Generating attacks for class: squash (24/100)
Running attack for epsilon: 0 ...
Running attack for epsilon: 0.0005 ...
Running attack for epsilon: 0.005 ...
Generating attacks for class: pot (25/100)
Running attack for epsilon: 0 ...
Running attack for epsilon: 0.0005 ...
Running attack for epsilon: 0.005 ...
Generating attacks for class: bison (26/100)
Running attack for epsilon: 0 ...
Running attack for epsilon: 0.0005 ...
Running attack for epsilon: 0.005 ...
Generating attacks for class: cicada (27/100)
Running attack for epsilon: 0 ...
Running attack for epsilon: 0.0005 ...
Running attack for epsilon: 0.005 ...
Generating attacks for class: skunk (28/100)
Running attack for epsilon: 0 ...
Running attack for epsilon: 0.0005 ...
Running attack for epsilon: 0.005 ...
Generating attacks for class: shield (29/100)
Running attack for epsilon: 0 ...
Running attack for epsilon: 0.0005 ...
Running attack for epsilon: 0.005 ...
Generating attacks for class: telephone (30/100)
Running attack for epsilon: 0 ...
Running attack for epsilon: 0.0005 ...
Running attack for epsilon: 0.005 ...
Generating attacks for class: apiary (31/100)
Running attack for epsilon: 0 ...
Running attack for epsilon: 0.0005 ...
Running attack for epsilon: 0.005 ...
Generating attacks for class: thimble (32/100)
Running attack for epsilon: 0 ...
Running attack for epsilon: 0.0005 ...
Running attack for epsilon: 0.005 ...
Generating attacks for class: boot (33/100)
Running attack for epsilon: 0 ...
Running attack for epsilon: 0.0005 ...
Running attack for epsilon: 0.005 ...
Generating attacks for class: beagle (34/100)
Running attack for epsilon: 0 ...
Running attack for epsilon: 0.0005 ...
Running attack for epsilon: 0.005 ...
Generating attacks for class: honeycomb (35/100)
Running attack for epsilon: 0 ...
Running attack for epsilon: 0.0005 ...
Running attack for epsilon: 0.005 ...
Generating attacks for class: corkscrew (36/100)
Running attack for epsilon: 0 ...
Running attack for epsilon: 0.0005 ...
Running attack for epsilon: 0.005 ...
Generating attacks for class: light (37/100)
Running attack for epsilon: 0 ...
Running attack for epsilon: 0.0005 ...
Running attack for epsilon: 0.005 ...
Generating attacks for class: alligator (38/100)
Running attack for epsilon: 0 ...
Running attack for epsilon: 0.0005 ...
Running attack for epsilon: 0.005 ...
Generating attacks for class: damselfly (39/100)
Running attack for epsilon: 0 ...
Running attack for epsilon: 0.0005 ...
Running attack for epsilon: 0.005 ...
Generating attacks for class: eggnog (40/100)
Running attack for epsilon: 0 ...
Running attack for epsilon: 0.0005 ...
Running attack for epsilon: 0.005 ...
Generating attacks for class: limousine (41/100)
Running attack for epsilon: 0 ...
Running attack for epsilon: 0.0005 ...
Running attack for epsilon: 0.005 ...
Generating attacks for class: toaster (42/100)
Running attack for epsilon: 0 ...
Running attack for epsilon: 0.0005 ...
Running attack for epsilon: 0.005 ...
Generating attacks for class: beauty (43/100)
Running attack for epsilon: 0 ...
Running attack for epsilon: 0.0005 ...
Running attack for epsilon: 0.005 ...
Generating attacks for class: scorpion (44/100)
Running attack for epsilon: 0 ...
Running attack for epsilon: 0.0005 ...
Running attack for epsilon: 0.005 ...
Generating attacks for class: coat (45/100)
Running attack for epsilon: 0 ...
Running attack for epsilon: 0.0005 ...
Running attack for epsilon: 0.005 ...
Generating attacks for class: diver (46/100)
Running attack for epsilon: 0 ...
Running attack for epsilon: 0.0005 ...
Running attack for epsilon: 0.005 ...
Generating attacks for class: eraser (47/100)
Running attack for epsilon: 0 ...
Running attack for epsilon: 0.0005 ...
Running attack for epsilon: 0.005 ...
Generating attacks for class: train (48/100)
Running attack for epsilon: 0 ...
Running attack for epsilon: 0.0005 ...
Running attack for epsilon: 0.005 ...
Generating attacks for class: vestment (49/100)
Running attack for epsilon: 0 ...
Running attack for epsilon: 0.0005 ...
Running attack for epsilon: 0.005 ...
Generating attacks for class: valley (50/100)
Running attack for epsilon: 0 ...
Running attack for epsilon: 0.0005 ...
Running attack for epsilon: 0.005 ...
Generating attacks for class: confectionery (51/100)
Running attack for epsilon: 0 ...
Running attack for epsilon: 0.0005 ...
Running attack for epsilon: 0.005 ...
Generating attacks for class: dragonfly (52/100)
Running attack for epsilon: 0 ...
Running attack for epsilon: 0.0005 ...
Running attack for epsilon: 0.005 ...
Generating attacks for class: swing (53/100)
Running attack for epsilon: 0 ...
Running attack for epsilon: 0.0005 ...
Running attack for epsilon: 0.005 ...
Generating attacks for class: barracouta (54/100)
Running attack for epsilon: 0 ...
Running attack for epsilon: 0.0005 ...
Running attack for epsilon: 0.005 ...
Generating attacks for class: boxer (55/100)
Running attack for epsilon: 0 ...
Running attack for epsilon: 0.0005 ...
Running attack for epsilon: 0.005 ...
Generating attacks for class: hat (56/100)
Running attack for epsilon: 0 ...
Running attack for epsilon: 0.0005 ...
Running attack for epsilon: 0.005 ...
Generating attacks for class: vizsla (57/100)
Running attack for epsilon: 0 ...
Running attack for epsilon: 0.0005 ...
Running attack for epsilon: 0.005 ...
Generating attacks for class: pick (58/100)
Running attack for epsilon: 0 ...
Running attack for epsilon: 0.0005 ...
Running attack for epsilon: 0.005 ...
Generating attacks for class: mask (59/100)
Running attack for epsilon: 0 ...
Running attack for epsilon: 0.0005 ...
Running attack for epsilon: 0.005 ...
Generating attacks for class: ibex (60/100)
Running attack for epsilon: 0 ...
Running attack for epsilon: 0.0005 ...
Running attack for epsilon: 0.005 ...
Generating attacks for class: frog (61/100)
Running attack for epsilon: 0 ...
Running attack for epsilon: 0.0005 ...
Running attack for epsilon: 0.005 ...
Generating attacks for class: stingray (62/100)
Running attack for epsilon: 0 ...
Running attack for epsilon: 0.0005 ...
Running attack for epsilon: 0.005 ...
Generating attacks for class: vehicle (63/100)
Running attack for epsilon: 0 ...
Running attack for epsilon: 0.0005 ...
Running attack for epsilon: 0.005 ...
Generating attacks for class: brake (64/100)
Running attack for epsilon: 0 ...
Running attack for epsilon: 0.0005 ...
Running attack for epsilon: 0.005 ...
Generating attacks for class: strawberry (65/100)
Running attack for epsilon: 0 ...
Running attack for epsilon: 0.0005 ...
Running attack for epsilon: 0.005 ...
Generating attacks for class: carousel (66/100)
Running attack for epsilon: 0 ...
Running attack for epsilon: 0.0005 ...
Running attack for epsilon: 0.005 ...
Generating attacks for class: compass (67/100)
Running attack for epsilon: 0 ...
Running attack for epsilon: 0.0005 ...
Running attack for epsilon: 0.005 ...
Generating attacks for class: warthog (68/100)
Running attack for epsilon: 0 ...
Running attack for epsilon: 0.0005 ...
Running attack for epsilon: 0.005 ...
Generating attacks for class: wallaby (69/100)
Running attack for epsilon: 0 ...
Running attack for epsilon: 0.0005 ...
Running attack for epsilon: 0.005 ...
Generating attacks for class: stretcher (70/100)
Running attack for epsilon: 0 ...
Running attack for epsilon: 0.0005 ...
Running attack for epsilon: 0.005 ...
Generating attacks for class: watch (71/100)
Running attack for epsilon: 0 ...
Running attack for epsilon: 0.0005 ...
Running attack for epsilon: 0.005 ...
Generating attacks for class: puffer (72/100)
Running attack for epsilon: 0 ...
Running attack for epsilon: 0.0005 ...
Running attack for epsilon: 0.005 ...
Generating attacks for class: cover (73/100)
Running attack for epsilon: 0 ...
Running attack for epsilon: 0.0005 ...
Running attack for epsilon: 0.005 ...
Generating attacks for class: boa (74/100)
Running attack for epsilon: 0 ...
Running attack for epsilon: 0.0005 ...
Running attack for epsilon: 0.005 ...
Generating attacks for class: flatworm (75/100)
Running attack for epsilon: 0 ...
Running attack for epsilon: 0.0005 ...
Running attack for epsilon: 0.005 ...
Generating attacks for class: leafhopper (76/100)
Running attack for epsilon: 0 ...
Running attack for epsilon: 0.0005 ...
Running attack for epsilon: 0.005 ...
Generating attacks for class: dog (77/100)
Running attack for epsilon: 0 ...
Running attack for epsilon: 0.0005 ...
Running attack for epsilon: 0.005 ...
Generating attacks for class: necklace (78/100)
Running attack for epsilon: 0 ...
Running attack for epsilon: 0.0005 ...
Running attack for epsilon: 0.005 ...
Generating attacks for class: gallinule (79/100)
Running attack for epsilon: 0 ...
Running attack for epsilon: 0.0005 ...
Running attack for epsilon: 0.005 ...
Generating attacks for class: menu (80/100)
Running attack for epsilon: 0 ...
Running attack for epsilon: 0.0005 ...
Running attack for epsilon: 0.005 ...
Generating attacks for class: pickelhaube (81/100)
Running attack for epsilon: 0 ...
Running attack for epsilon: 0.0005 ...
Running attack for epsilon: 0.005 ...
Generating attacks for class: cap (82/100)
Running attack for epsilon: 0 ...
Running attack for epsilon: 0.0005 ...
Running attack for epsilon: 0.005 ...
Generating attacks for class: wine (83/100)
Running attack for epsilon: 0 ...
Running attack for epsilon: 0.0005 ...
Running attack for epsilon: 0.005 ...
Generating attacks for class: telephone (84/100)
Running attack for epsilon: 0 ...
Running attack for epsilon: 0.0005 ...
Running attack for epsilon: 0.005 ...
Generating attacks for class: Newfoundland (85/100)
Running attack for epsilon: 0 ...
Running attack for epsilon: 0.0005 ...
Running attack for epsilon: 0.005 ...
Generating attacks for class: gong (86/100)
Running attack for epsilon: 0 ...
Running attack for epsilon: 0.0005 ...
Running attack for epsilon: 0.005 ...
Generating attacks for class: cuirass (87/100)
Running attack for epsilon: 0 ...
Running attack for epsilon: 0.0005 ...
Running attack for epsilon: 0.005 ...
Generating attacks for class: crayfish (88/100)
Running attack for epsilon: 0 ...
Running attack for epsilon: 0.0005 ...
Running attack for epsilon: 0.005 ...
Generating attacks for class: bikini (89/100)
Running attack for epsilon: 0 ...
Running attack for epsilon: 0.0005 ...
Running attack for epsilon: 0.005 ...
Generating attacks for class: clock (90/100)
Running attack for epsilon: 0 ...
Running attack for epsilon: 0.0005 ...
Running attack for epsilon: 0.005 ...
Generating attacks for class: packet (91/100)
Running attack for epsilon: 0 ...
Running attack for epsilon: 0.0005 ...
Running attack for epsilon: 0.005 ...
Generating attacks for class: bicycle-built-for-two (92/100)
Running attack for epsilon: 0 ...
Running attack for epsilon: 0.0005 ...
Running attack for epsilon: 0.005 ...
Generating attacks for class: bottle (93/100)
Running attack for epsilon: 0 ...
Running attack for epsilon: 0.0005 ...
Running attack for epsilon: 0.005 ...
Generating attacks for class: malamute (94/100)
Running attack for epsilon: 0 ...
Running attack for epsilon: 0.0005 ...
Running attack for epsilon: 0.005 ...
Generating attacks for class: pot (95/100)
Running attack for epsilon: 0 ...
Running attack for epsilon: 0.0005 ...
Running attack for epsilon: 0.005 ...
Generating attacks for class: saltshaker (96/100)
Running attack for epsilon: 0 ...
Running attack for epsilon: 0.0005 ...
Running attack for epsilon: 0.005 ...
Generating attacks for class: ox (97/100)
Running attack for epsilon: 0 ...
Running attack for epsilon: 0.0005 ...
Running attack for epsilon: 0.005 ...
Generating attacks for class: otterhound (98/100)
Running attack for epsilon: 0 ...
Running attack for epsilon: 0.0005 ...
Running attack for epsilon: 0.005 ...
Generating attacks for class: roof (99/100)
Running attack for epsilon: 0 ...
Running attack for epsilon: 0.0005 ...
Running attack for epsilon: 0.005 ...
